[2022-06-14 16:43:01,502] {taskinstance.py:1159} INFO - Dependencies all met for <TaskInstance: example_bash_operator.runme_1 scheduled__2022-06-13T00:00:00+00:00 [queued]>
[2022-06-14 16:43:01,522] {taskinstance.py:1159} INFO - Dependencies all met for <TaskInstance: example_bash_operator.runme_1 scheduled__2022-06-13T00:00:00+00:00 [queued]>
[2022-06-14 16:43:01,523] {taskinstance.py:1356} INFO - 
--------------------------------------------------------------------------------
[2022-06-14 16:43:01,524] {taskinstance.py:1357} INFO - Starting attempt 1 of 1
[2022-06-14 16:43:01,525] {taskinstance.py:1358} INFO - 
--------------------------------------------------------------------------------
[2022-06-14 16:43:01,556] {taskinstance.py:1377} INFO - Executing <Task(BashOperator): runme_1> on 2022-06-13 00:00:00+00:00
[2022-06-14 16:43:01,569] {standard_task_runner.py:52} INFO - Started process 2863 to run task
[2022-06-14 16:43:01,585] {standard_task_runner.py:79} INFO - Running: ['***', 'tasks', 'run', 'example_bash_operator', 'runme_1', 'scheduled__2022-06-13T00:00:00+00:00', '--job-id', '5', '--raw', '--subdir', '/home/***/.local/lib/python3.7/site-packages/***/example_dags/example_bash_operator.py', '--cfg-path', '/tmp/tmp7slh7u28', '--error-file', '/tmp/tmpc76yh0yl']
[2022-06-14 16:43:01,589] {standard_task_runner.py:80} INFO - Job 5: Subtask runme_1
[2022-06-14 16:43:01,752] {task_command.py:370} INFO - Running <TaskInstance: example_bash_operator.runme_1 scheduled__2022-06-13T00:00:00+00:00 [running]> on host a7436a86ff1e
[2022-06-14 16:43:02,301] {taskinstance.py:1571} INFO - Exporting the following env vars:
AIRFLOW_CTX_DAG_OWNER=***
AIRFLOW_CTX_DAG_ID=example_bash_operator
AIRFLOW_CTX_TASK_ID=runme_1
AIRFLOW_CTX_EXECUTION_DATE=2022-06-13T00:00:00+00:00
AIRFLOW_CTX_TRY_NUMBER=1
AIRFLOW_CTX_DAG_RUN_ID=scheduled__2022-06-13T00:00:00+00:00
[2022-06-14 16:43:02,304] {subprocess.py:62} INFO - Tmp dir root location: 
 /tmp
[2022-06-14 16:43:02,306] {subprocess.py:74} INFO - Running command: ['bash', '-c', 'echo "example_bash_operator__runme_1__20220613" && sleep 1']
[2022-06-14 16:43:02,346] {subprocess.py:85} INFO - Output:
[2022-06-14 16:43:02,350] {subprocess.py:92} INFO - example_bash_operator__runme_1__20220613
[2022-06-14 16:43:03,355] {subprocess.py:96} INFO - Command exited with return code 0
[2022-06-14 16:43:03,396] {taskinstance.py:1400} INFO - Marking task as SUCCESS. dag_id=example_bash_operator, task_id=runme_1, execution_date=20220613T000000, start_date=20220614T164301, end_date=20220614T164303
[2022-06-14 16:43:03,469] {local_task_job.py:156} INFO - Task exited with return code 0
[2022-06-14 16:43:03,539] {local_task_job.py:273} INFO - 0 downstream tasks scheduled from follow-on schedule check
