[2022-06-14 16:43:01,661] {taskinstance.py:1159} INFO - Dependencies all met for <TaskInstance: example_bash_operator.runme_2 scheduled__2022-06-13T00:00:00+00:00 [queued]>
[2022-06-14 16:43:01,677] {taskinstance.py:1159} INFO - Dependencies all met for <TaskInstance: example_bash_operator.runme_2 scheduled__2022-06-13T00:00:00+00:00 [queued]>
[2022-06-14 16:43:01,679] {taskinstance.py:1356} INFO - 
--------------------------------------------------------------------------------
[2022-06-14 16:43:01,680] {taskinstance.py:1357} INFO - Starting attempt 1 of 1
[2022-06-14 16:43:01,681] {taskinstance.py:1358} INFO - 
--------------------------------------------------------------------------------
[2022-06-14 16:43:01,723] {taskinstance.py:1377} INFO - Executing <Task(BashOperator): runme_2> on 2022-06-13 00:00:00+00:00
[2022-06-14 16:43:01,742] {standard_task_runner.py:52} INFO - Started process 2870 to run task
[2022-06-14 16:43:01,763] {standard_task_runner.py:79} INFO - Running: ['***', 'tasks', 'run', 'example_bash_operator', 'runme_2', 'scheduled__2022-06-13T00:00:00+00:00', '--job-id', '7', '--raw', '--subdir', '/home/***/.local/lib/python3.7/site-packages/***/example_dags/example_bash_operator.py', '--cfg-path', '/tmp/tmpagegx0pu', '--error-file', '/tmp/tmpypxu6dbc']
[2022-06-14 16:43:01,767] {standard_task_runner.py:80} INFO - Job 7: Subtask runme_2
[2022-06-14 16:43:01,974] {task_command.py:370} INFO - Running <TaskInstance: example_bash_operator.runme_2 scheduled__2022-06-13T00:00:00+00:00 [running]> on host a7436a86ff1e
[2022-06-14 16:43:02,433] {taskinstance.py:1571} INFO - Exporting the following env vars:
AIRFLOW_CTX_DAG_OWNER=***
AIRFLOW_CTX_DAG_ID=example_bash_operator
AIRFLOW_CTX_TASK_ID=runme_2
AIRFLOW_CTX_EXECUTION_DATE=2022-06-13T00:00:00+00:00
AIRFLOW_CTX_TRY_NUMBER=1
AIRFLOW_CTX_DAG_RUN_ID=scheduled__2022-06-13T00:00:00+00:00
[2022-06-14 16:43:02,434] {subprocess.py:62} INFO - Tmp dir root location: 
 /tmp
[2022-06-14 16:43:02,436] {subprocess.py:74} INFO - Running command: ['bash', '-c', 'echo "example_bash_operator__runme_2__20220613" && sleep 1']
[2022-06-14 16:43:02,456] {subprocess.py:85} INFO - Output:
[2022-06-14 16:43:02,460] {subprocess.py:92} INFO - example_bash_operator__runme_2__20220613
[2022-06-14 16:43:03,464] {subprocess.py:96} INFO - Command exited with return code 0
[2022-06-14 16:43:03,542] {taskinstance.py:1400} INFO - Marking task as SUCCESS. dag_id=example_bash_operator, task_id=runme_2, execution_date=20220613T000000, start_date=20220614T164301, end_date=20220614T164303
[2022-06-14 16:43:03,589] {local_task_job.py:156} INFO - Task exited with return code 0
[2022-06-14 16:43:03,643] {local_task_job.py:273} INFO - 1 downstream tasks scheduled from follow-on schedule check
