[2022-06-15 16:56:18,390] {taskinstance.py:1159} INFO - Dependencies all met for <TaskInstance: our_first_dag_v5.first_task manual__2022-06-15T16:56:17.709983+00:00 [queued]>
[2022-06-15 16:56:18,409] {taskinstance.py:1159} INFO - Dependencies all met for <TaskInstance: our_first_dag_v5.first_task manual__2022-06-15T16:56:17.709983+00:00 [queued]>
[2022-06-15 16:56:18,410] {taskinstance.py:1356} INFO - 
--------------------------------------------------------------------------------
[2022-06-15 16:56:18,411] {taskinstance.py:1357} INFO - Starting attempt 1 of 6
[2022-06-15 16:56:18,412] {taskinstance.py:1358} INFO - 
--------------------------------------------------------------------------------
[2022-06-15 16:56:18,444] {taskinstance.py:1377} INFO - Executing <Task(BashOperator): first_task> on 2022-06-15 16:56:17.709983+00:00
[2022-06-15 16:56:18,452] {standard_task_runner.py:52} INFO - Started process 3061 to run task
[2022-06-15 16:56:18,458] {standard_task_runner.py:79} INFO - Running: ['***', 'tasks', 'run', 'our_first_dag_v5', 'first_task', 'manual__2022-06-15T16:56:17.709983+00:00', '--job-id', '11', '--raw', '--subdir', 'DAGS_FOLDER/our_first_dag.py', '--cfg-path', '/tmp/tmpbix5c0q6', '--error-file', '/tmp/tmp910q5b8r']
[2022-06-15 16:56:18,466] {standard_task_runner.py:80} INFO - Job 11: Subtask first_task
[2022-06-15 16:56:18,577] {task_command.py:370} INFO - Running <TaskInstance: our_first_dag_v5.first_task manual__2022-06-15T16:56:17.709983+00:00 [running]> on host e2977833d61b
[2022-06-15 16:56:18,700] {taskinstance.py:1571} INFO - Exporting the following env vars:
AIRFLOW_CTX_DAG_OWNER=phersonj
AIRFLOW_CTX_DAG_ID=our_first_dag_v5
AIRFLOW_CTX_TASK_ID=first_task
AIRFLOW_CTX_EXECUTION_DATE=2022-06-15T16:56:17.709983+00:00
AIRFLOW_CTX_TRY_NUMBER=1
AIRFLOW_CTX_DAG_RUN_ID=manual__2022-06-15T16:56:17.709983+00:00
[2022-06-15 16:56:18,702] {subprocess.py:62} INFO - Tmp dir root location: 
 /tmp
[2022-06-15 16:56:18,704] {subprocess.py:74} INFO - Running command: ['bash', '-c', 'echo hello world, this is the first task']
[2022-06-15 16:56:18,723] {subprocess.py:85} INFO - Output:
[2022-06-15 16:56:18,725] {subprocess.py:92} INFO - hello world, this is the first task
[2022-06-15 16:56:18,726] {subprocess.py:96} INFO - Command exited with return code 0
[2022-06-15 16:56:18,778] {taskinstance.py:1400} INFO - Marking task as SUCCESS. dag_id=our_first_dag_v5, task_id=first_task, execution_date=20220615T165617, start_date=20220615T165618, end_date=20220615T165618
[2022-06-15 16:56:18,841] {local_task_job.py:156} INFO - Task exited with return code 0
[2022-06-15 16:56:18,918] {local_task_job.py:273} INFO - 2 downstream tasks scheduled from follow-on schedule check
