[2022-06-14 16:43:24,005] {taskinstance.py:1159} INFO - Dependencies all met for <TaskInstance: example_bash_operator.runme_0 manual__2022-06-14T16:43:22.432043+00:00 [queued]>
[2022-06-14 16:43:24,018] {taskinstance.py:1159} INFO - Dependencies all met for <TaskInstance: example_bash_operator.runme_0 manual__2022-06-14T16:43:22.432043+00:00 [queued]>
[2022-06-14 16:43:24,019] {taskinstance.py:1356} INFO - 
--------------------------------------------------------------------------------
[2022-06-14 16:43:24,019] {taskinstance.py:1357} INFO - Starting attempt 1 of 1
[2022-06-14 16:43:24,020] {taskinstance.py:1358} INFO - 
--------------------------------------------------------------------------------
[2022-06-14 16:43:24,040] {taskinstance.py:1377} INFO - Executing <Task(BashOperator): runme_0> on 2022-06-14 16:43:22.432043+00:00
[2022-06-14 16:43:24,048] {standard_task_runner.py:52} INFO - Started process 2935 to run task
[2022-06-14 16:43:24,056] {standard_task_runner.py:79} INFO - Running: ['***', 'tasks', 'run', 'example_bash_operator', 'runme_0', 'manual__2022-06-14T16:43:22.432043+00:00', '--job-id', '12', '--raw', '--subdir', '/home/***/.local/lib/python3.7/site-packages/***/example_dags/example_bash_operator.py', '--cfg-path', '/tmp/tmpmbgj4yjq', '--error-file', '/tmp/tmpehhqae69']
[2022-06-14 16:43:24,059] {standard_task_runner.py:80} INFO - Job 12: Subtask runme_0
[2022-06-14 16:43:24,188] {task_command.py:370} INFO - Running <TaskInstance: example_bash_operator.runme_0 manual__2022-06-14T16:43:22.432043+00:00 [running]> on host a7436a86ff1e
[2022-06-14 16:43:24,556] {taskinstance.py:1571} INFO - Exporting the following env vars:
AIRFLOW_CTX_DAG_OWNER=***
AIRFLOW_CTX_DAG_ID=example_bash_operator
AIRFLOW_CTX_TASK_ID=runme_0
AIRFLOW_CTX_EXECUTION_DATE=2022-06-14T16:43:22.432043+00:00
AIRFLOW_CTX_TRY_NUMBER=1
AIRFLOW_CTX_DAG_RUN_ID=manual__2022-06-14T16:43:22.432043+00:00
[2022-06-14 16:43:24,559] {subprocess.py:62} INFO - Tmp dir root location: 
 /tmp
[2022-06-14 16:43:24,562] {subprocess.py:74} INFO - Running command: ['bash', '-c', 'echo "example_bash_operator__runme_0__20220614" && sleep 1']
[2022-06-14 16:43:24,578] {subprocess.py:85} INFO - Output:
[2022-06-14 16:43:24,580] {subprocess.py:92} INFO - example_bash_operator__runme_0__20220614
[2022-06-14 16:43:25,583] {subprocess.py:96} INFO - Command exited with return code 0
[2022-06-14 16:43:25,621] {taskinstance.py:1400} INFO - Marking task as SUCCESS. dag_id=example_bash_operator, task_id=runme_0, execution_date=20220614T164322, start_date=20220614T164324, end_date=20220614T164325
[2022-06-14 16:43:25,679] {local_task_job.py:156} INFO - Task exited with return code 0
[2022-06-14 16:43:25,728] {local_task_job.py:273} INFO - 1 downstream tasks scheduled from follow-on schedule check
