[2022-06-15 16:56:19,552] {taskinstance.py:1159} INFO - Dependencies all met for <TaskInstance: our_first_dag_v5.second_task manual__2022-06-15T16:56:17.709983+00:00 [queued]>
[2022-06-15 16:56:19,571] {taskinstance.py:1159} INFO - Dependencies all met for <TaskInstance: our_first_dag_v5.second_task manual__2022-06-15T16:56:17.709983+00:00 [queued]>
[2022-06-15 16:56:19,572] {taskinstance.py:1356} INFO - 
--------------------------------------------------------------------------------
[2022-06-15 16:56:19,573] {taskinstance.py:1357} INFO - Starting attempt 1 of 6
[2022-06-15 16:56:19,574] {taskinstance.py:1358} INFO - 
--------------------------------------------------------------------------------
[2022-06-15 16:56:19,607] {taskinstance.py:1377} INFO - Executing <Task(BashOperator): second_task> on 2022-06-15 16:56:17.709983+00:00
[2022-06-15 16:56:19,614] {standard_task_runner.py:52} INFO - Started process 3068 to run task
[2022-06-15 16:56:19,620] {standard_task_runner.py:79} INFO - Running: ['***', 'tasks', 'run', 'our_first_dag_v5', 'second_task', 'manual__2022-06-15T16:56:17.709983+00:00', '--job-id', '13', '--raw', '--subdir', 'DAGS_FOLDER/our_first_dag.py', '--cfg-path', '/tmp/tmpergayz3b', '--error-file', '/tmp/tmp8by4sg36']
[2022-06-15 16:56:19,624] {standard_task_runner.py:80} INFO - Job 13: Subtask second_task
[2022-06-15 16:56:19,805] {task_command.py:370} INFO - Running <TaskInstance: our_first_dag_v5.second_task manual__2022-06-15T16:56:17.709983+00:00 [running]> on host e2977833d61b
[2022-06-15 16:56:19,965] {taskinstance.py:1571} INFO - Exporting the following env vars:
AIRFLOW_CTX_DAG_OWNER=phersonj
AIRFLOW_CTX_DAG_ID=our_first_dag_v5
AIRFLOW_CTX_TASK_ID=second_task
AIRFLOW_CTX_EXECUTION_DATE=2022-06-15T16:56:17.709983+00:00
AIRFLOW_CTX_TRY_NUMBER=1
AIRFLOW_CTX_DAG_RUN_ID=manual__2022-06-15T16:56:17.709983+00:00
[2022-06-15 16:56:19,968] {subprocess.py:62} INFO - Tmp dir root location: 
 /tmp
[2022-06-15 16:56:19,970] {subprocess.py:74} INFO - Running command: ['bash', '-c', "echo hey, I'm the second task and I'll be running after task 1"]
[2022-06-15 16:56:19,987] {subprocess.py:85} INFO - Output:
[2022-06-15 16:56:19,989] {subprocess.py:92} INFO - hey, Im the second task and Ill be running after task 1
[2022-06-15 16:56:19,990] {subprocess.py:96} INFO - Command exited with return code 0
[2022-06-15 16:56:20,042] {taskinstance.py:1400} INFO - Marking task as SUCCESS. dag_id=our_first_dag_v5, task_id=second_task, execution_date=20220615T165617, start_date=20220615T165619, end_date=20220615T165620
[2022-06-15 16:56:20,094] {local_task_job.py:156} INFO - Task exited with return code 0
[2022-06-15 16:56:20,154] {local_task_job.py:273} INFO - 0 downstream tasks scheduled from follow-on schedule check
