[2022-06-14 16:43:23,864] {taskinstance.py:1159} INFO - Dependencies all met for <TaskInstance: example_bash_operator.this_will_skip manual__2022-06-14T16:43:22.432043+00:00 [queued]>
[2022-06-14 16:43:23,877] {taskinstance.py:1159} INFO - Dependencies all met for <TaskInstance: example_bash_operator.this_will_skip manual__2022-06-14T16:43:22.432043+00:00 [queued]>
[2022-06-14 16:43:23,877] {taskinstance.py:1356} INFO - 
--------------------------------------------------------------------------------
[2022-06-14 16:43:23,878] {taskinstance.py:1357} INFO - Starting attempt 1 of 1
[2022-06-14 16:43:23,879] {taskinstance.py:1358} INFO - 
--------------------------------------------------------------------------------
[2022-06-14 16:43:23,897] {taskinstance.py:1377} INFO - Executing <Task(BashOperator): this_will_skip> on 2022-06-14 16:43:22.432043+00:00
[2022-06-14 16:43:23,903] {standard_task_runner.py:52} INFO - Started process 2932 to run task
[2022-06-14 16:43:23,908] {standard_task_runner.py:79} INFO - Running: ['***', 'tasks', 'run', 'example_bash_operator', 'this_will_skip', 'manual__2022-06-14T16:43:22.432043+00:00', '--job-id', '9', '--raw', '--subdir', '/home/***/.local/lib/python3.7/site-packages/***/example_dags/example_bash_operator.py', '--cfg-path', '/tmp/tmpjra0k_kl', '--error-file', '/tmp/tmpykmovalm']
[2022-06-14 16:43:23,910] {standard_task_runner.py:80} INFO - Job 9: Subtask this_will_skip
[2022-06-14 16:43:23,997] {task_command.py:370} INFO - Running <TaskInstance: example_bash_operator.this_will_skip manual__2022-06-14T16:43:22.432043+00:00 [running]> on host a7436a86ff1e
[2022-06-14 16:43:24,322] {taskinstance.py:1571} INFO - Exporting the following env vars:
AIRFLOW_CTX_DAG_OWNER=***
AIRFLOW_CTX_DAG_ID=example_bash_operator
AIRFLOW_CTX_TASK_ID=this_will_skip
AIRFLOW_CTX_EXECUTION_DATE=2022-06-14T16:43:22.432043+00:00
AIRFLOW_CTX_TRY_NUMBER=1
AIRFLOW_CTX_DAG_RUN_ID=manual__2022-06-14T16:43:22.432043+00:00
[2022-06-14 16:43:24,324] {subprocess.py:62} INFO - Tmp dir root location: 
 /tmp
[2022-06-14 16:43:24,327] {subprocess.py:74} INFO - Running command: ['bash', '-c', 'echo "hello world"; exit 99;']
[2022-06-14 16:43:24,346] {subprocess.py:85} INFO - Output:
[2022-06-14 16:43:24,350] {subprocess.py:92} INFO - hello world
[2022-06-14 16:43:24,352] {subprocess.py:96} INFO - Command exited with return code 99
[2022-06-14 16:43:24,353] {taskinstance.py:1478} INFO - Bash command returned exit code 99. Skipping.
[2022-06-14 16:43:24,378] {taskinstance.py:1400} INFO - Marking task as SKIPPED. dag_id=example_bash_operator, task_id=this_will_skip, execution_date=20220614T164322, start_date=20220614T164323, end_date=20220614T164324
[2022-06-14 16:43:24,441] {local_task_job.py:156} INFO - Task exited with return code 0
[2022-06-14 16:43:24,513] {local_task_job.py:273} INFO - 0 downstream tasks scheduled from follow-on schedule check
