[2022-06-15 16:23:03,902] {taskinstance.py:1159} INFO - Dependencies all met for <TaskInstance: our_first_dag_v2.first_task manual__2022-06-15T16:23:02.637168+00:00 [queued]>
[2022-06-15 16:23:03,919] {taskinstance.py:1159} INFO - Dependencies all met for <TaskInstance: our_first_dag_v2.first_task manual__2022-06-15T16:23:02.637168+00:00 [queued]>
[2022-06-15 16:23:03,920] {taskinstance.py:1356} INFO - 
--------------------------------------------------------------------------------
[2022-06-15 16:23:03,921] {taskinstance.py:1357} INFO - Starting attempt 1 of 6
[2022-06-15 16:23:03,922] {taskinstance.py:1358} INFO - 
--------------------------------------------------------------------------------
[2022-06-15 16:23:03,942] {taskinstance.py:1377} INFO - Executing <Task(BashOperator): first_task> on 2022-06-15 16:23:02.637168+00:00
[2022-06-15 16:23:03,949] {standard_task_runner.py:52} INFO - Started process 991 to run task
[2022-06-15 16:23:03,953] {standard_task_runner.py:79} INFO - Running: ['***', 'tasks', 'run', 'our_first_dag_v2', 'first_task', 'manual__2022-06-15T16:23:02.637168+00:00', '--job-id', '6', '--raw', '--subdir', 'DAGS_FOLDER/our_first_dag.py', '--cfg-path', '/tmp/tmpmhdj80s4', '--error-file', '/tmp/tmpo5xerrg0']
[2022-06-15 16:23:03,956] {standard_task_runner.py:80} INFO - Job 6: Subtask first_task
[2022-06-15 16:23:04,048] {task_command.py:370} INFO - Running <TaskInstance: our_first_dag_v2.first_task manual__2022-06-15T16:23:02.637168+00:00 [running]> on host e2977833d61b
[2022-06-15 16:23:04,168] {taskinstance.py:1571} INFO - Exporting the following env vars:
AIRFLOW_CTX_DAG_OWNER=phersonj
AIRFLOW_CTX_DAG_ID=our_first_dag_v2
AIRFLOW_CTX_TASK_ID=first_task
AIRFLOW_CTX_EXECUTION_DATE=2022-06-15T16:23:02.637168+00:00
AIRFLOW_CTX_TRY_NUMBER=1
AIRFLOW_CTX_DAG_RUN_ID=manual__2022-06-15T16:23:02.637168+00:00
[2022-06-15 16:23:04,170] {subprocess.py:62} INFO - Tmp dir root location: 
 /tmp
[2022-06-15 16:23:04,172] {subprocess.py:74} INFO - Running command: ['bash', '-c', 'echo hello world, this is the first task']
[2022-06-15 16:23:04,186] {subprocess.py:85} INFO - Output:
[2022-06-15 16:23:04,189] {subprocess.py:92} INFO - hello world, this is the first task
[2022-06-15 16:23:04,190] {subprocess.py:96} INFO - Command exited with return code 0
[2022-06-15 16:23:04,234] {taskinstance.py:1400} INFO - Marking task as SUCCESS. dag_id=our_first_dag_v2, task_id=first_task, execution_date=20220615T162302, start_date=20220615T162303, end_date=20220615T162304
[2022-06-15 16:23:04,288] {local_task_job.py:156} INFO - Task exited with return code 0
[2022-06-15 16:23:04,356] {local_task_job.py:273} INFO - 1 downstream tasks scheduled from follow-on schedule check
