[2022-06-15 16:13:33,067] {taskinstance.py:1159} INFO - Dependencies all met for <TaskInstance: our_first_dag.first_task manual__2022-06-15T16:13:32.300362+00:00 [queued]>
[2022-06-15 16:13:33,080] {taskinstance.py:1159} INFO - Dependencies all met for <TaskInstance: our_first_dag.first_task manual__2022-06-15T16:13:32.300362+00:00 [queued]>
[2022-06-15 16:13:33,081] {taskinstance.py:1356} INFO - 
--------------------------------------------------------------------------------
[2022-06-15 16:13:33,082] {taskinstance.py:1357} INFO - Starting attempt 1 of 6
[2022-06-15 16:13:33,083] {taskinstance.py:1358} INFO - 
--------------------------------------------------------------------------------
[2022-06-15 16:13:33,103] {taskinstance.py:1377} INFO - Executing <Task(BashOperator): first_task> on 2022-06-15 16:13:32.300362+00:00
[2022-06-15 16:13:33,111] {standard_task_runner.py:52} INFO - Started process 395 to run task
[2022-06-15 16:13:33,117] {standard_task_runner.py:79} INFO - Running: ['***', 'tasks', 'run', 'our_first_dag', 'first_task', 'manual__2022-06-15T16:13:32.300362+00:00', '--job-id', '5', '--raw', '--subdir', 'DAGS_FOLDER/our_first_dag.py', '--cfg-path', '/tmp/tmp_x3uu91g', '--error-file', '/tmp/tmp36qcrao4']
[2022-06-15 16:13:33,120] {standard_task_runner.py:80} INFO - Job 5: Subtask first_task
[2022-06-15 16:13:33,211] {task_command.py:370} INFO - Running <TaskInstance: our_first_dag.first_task manual__2022-06-15T16:13:32.300362+00:00 [running]> on host e2977833d61b
[2022-06-15 16:13:33,328] {taskinstance.py:1571} INFO - Exporting the following env vars:
AIRFLOW_CTX_DAG_OWNER=phersonj
AIRFLOW_CTX_DAG_ID=our_first_dag
AIRFLOW_CTX_TASK_ID=first_task
AIRFLOW_CTX_EXECUTION_DATE=2022-06-15T16:13:32.300362+00:00
AIRFLOW_CTX_TRY_NUMBER=1
AIRFLOW_CTX_DAG_RUN_ID=manual__2022-06-15T16:13:32.300362+00:00
[2022-06-15 16:13:33,330] {subprocess.py:62} INFO - Tmp dir root location: 
 /tmp
[2022-06-15 16:13:33,333] {subprocess.py:74} INFO - Running command: ['bash', '-c', 'echo hello world, this is the first task']
[2022-06-15 16:13:33,348] {subprocess.py:85} INFO - Output:
[2022-06-15 16:13:33,351] {subprocess.py:92} INFO - hello world, this is the first task
[2022-06-15 16:13:33,352] {subprocess.py:96} INFO - Command exited with return code 0
[2022-06-15 16:13:33,406] {taskinstance.py:1400} INFO - Marking task as SUCCESS. dag_id=our_first_dag, task_id=first_task, execution_date=20220615T161332, start_date=20220615T161333, end_date=20220615T161333
[2022-06-15 16:13:33,461] {local_task_job.py:156} INFO - Task exited with return code 0
[2022-06-15 16:13:33,510] {local_task_job.py:273} INFO - 0 downstream tasks scheduled from follow-on schedule check
